<!DOCTYPE html PUBLIC "-//W3C//DTD XHTML 1.1//EN" "https://www.w3.org/TR/xhtml11/DTD/xhtml11.dtd">
<html xmlns="https://www.w3.org/1999/xhtml">
<head>
<meta http-equiv="content-type" content="text/html; charset=UTF-8"/>
<title>TestNG Report</title>
<style type="text/css">table {margin-bottom:10px;border-collapse:collapse;empty-cells:show}th,td {border:1px solid #009;padding:.25em .5em}th {vertical-align:bottom}td {vertical-align:top}table a {font-weight:bold}.stripe td {background-color: #E6EBF9}.num {text-align:right}.passedodd td {background-color: #3F3}.passedeven td {background-color: #0A0}.skippedodd td {background-color: #DDD}.skippedeven td {background-color: #CCC}.failedodd td,.attn {background-color: #F33}.failedeven td,.stripe .attn {background-color: #D00}.stacktrace {white-space:pre;font-family:monospace}.totop {font-size:85%;text-align:center;border-bottom:2px solid #000}.invisible {display:none}</style>
</head>
<body>
<table>
<tr><th>Test</th><th># Passed</th><th># Skipped</th><th># Retried</th><th># Failed</th><th>Time (ms)</th><th>Included Groups</th><th>Excluded Groups</th></tr>
<tr><th colspan="8">Suite</th></tr>
<tr><td><a href="#t0">Test</a></td><td class="num">5</td><td class="num attn">13</td><td class="num">0</td><td class="num attn">2</td><td class="num">70,174</td><td>regressionTest, smokeTest</td><td></td></tr>
</table>
<table id='summary'><thead><tr><th>Class</th><th>Method</th><th>Start</th><th>Time (ms)</th></tr></thead><tbody><tr><th colspan="4">Suite</th></tr></tbody><tbody id="t0"><tr><th colspan="4">Test &#8212; failed</th></tr><tr class="failedeven"><td rowspan="2">testClasses.TC_02_findingHospitals</td><td><a href="#m0">getSurgeriesList</a></td><td rowspan="1">1709716978040</td><td rowspan="1">20077</td></tr><tr class="failedeven"><td><a href="#m1">navigateToSurgeries</a></td><td rowspan="1">1709716957862</td><td rowspan="1">20057</td></tr><tr><th colspan="4">Test &#8212; skipped</th></tr><tr class="skippedeven"><td rowspan="3">testClasses.TC_04_findingHospitals</td><td><a href="#m2">verifyingPhoneFieldUsingBVA</a></td><td rowspan="1">1709717003139</td><td rowspan="1">0</td></tr><tr class="skippedeven"><td><a href="#m3">verifyingPhoneFieldUsingBVA_1</a></td><td rowspan="1">1709717003140</td><td rowspan="1">0</td></tr><tr class="skippedeven"><td><a href="#m4">verifyingPhoneFieldUsingInvalidMobileNumberFormat</a></td><td rowspan="1">1709717003136</td><td rowspan="1">0</td></tr><tr class="skippedodd"><td rowspan="4">testClasses.TC_05_findingHospitals</td><td><a href="#m5">verifyingMobileNumUsingValidInput</a></td><td rowspan="1">1709717003142</td><td rowspan="1">0</td></tr><tr class="skippedodd"><td><a href="#m6">verifyingMobileNumUsingValidInput_1</a></td><td rowspan="1">1709717003144</td><td rowspan="1">0</td></tr><tr class="skippedodd"><td><a href="#m7">verifyingMobileNumUsingValidInput_2</a></td><td rowspan="1">1709717003145</td><td rowspan="1">0</td></tr><tr class="skippedodd"><td><a href="#m8">verifyingMobileNumUsingValidInput_3</a></td><td rowspan="1">1709717003149</td><td rowspan="1">0</td></tr><tr class="skippedeven"><td rowspan="5">testClasses.TC_06_findingHospitals</td><td><a href="#m9">verifyingEmailUsingInvalidInput</a></td><td rowspan="1">1709717003151</td><td rowspan="1">0</td></tr><tr class="skippedeven"><td><a href="#m10">verifyingEmailUsingInvalidInput_1</a></td><td rowspan="1">1709717003151</td><td rowspan="1">0</td></tr><tr class="skippedeven"><td><a href="#m11">verifyingEmailUsingInvalidInput_2</a></td><td rowspan="1">1709717003153</td><td rowspan="1">0</td></tr><tr class="skippedeven"><td><a href="#m12">verifyingEmailUsingInvalidInput_3</a></td><td rowspan="1">1709717003154</td><td rowspan="1">0</td></tr><tr class="skippedeven"><td><a href="#m13">verifyingEmailUsingValidInput</a></td><td rowspan="1">1709717003155</td><td rowspan="1">0</td></tr><tr class="skippedodd"><td rowspan="1">testClasses.TC_07_findingHospitals</td><td><a href="#m14">verifyScheduleADemoButtonVisibility</a></td><td rowspan="1">1709717003156</td><td rowspan="1">0</td></tr><tr><th colspan="4">Test &#8212; passed</th></tr><tr class="passedeven"><td rowspan="3">testClasses.TC_01_findingHospitals</td><td><a href="#m15">filter</a></td><td rowspan="1">1709716941742</td><td rowspan="1">14728</td></tr><tr class="passedeven"><td><a href="#m16">getDoctorsData</a></td><td rowspan="1">1709716956573</td><td rowspan="1">1142</td></tr><tr class="passedeven"><td><a href="#m17">search</a></td><td rowspan="1">1709716940869</td><td rowspan="1">706</td></tr><tr class="passedodd"><td rowspan="2">testClasses.TC_03_findingHospitals</td><td><a href="#m18">navigateToCorporate</a></td><td rowspan="1">1709716998240</td><td rowspan="1">77</td></tr><tr class="passedodd"><td><a href="#m19">navigateToDemo</a></td><td rowspan="1">1709716998429</td><td rowspan="1">4546</td></tr></tbody>
</table>
<h2>Test</h2><h3 id="m0">testClasses.TC_02_findingHospitals#getSurgeriesList</h3><table class="result"><tr><th>Exception</th></tr><tr><td><div class="stacktrace">org.openqa.selenium.NoSuchElementException: no such element: Unable to locate element: {&quot;method&quot;:&quot;xpath&quot;,&quot;selector&quot;:&quot;//*[text()=&apos;Popular Surgeries&apos;]&quot;}
  (Session info: chrome=120.0.6099.130)
For documentation on this error, please visit: https://www.selenium.dev/documentation/webdriver/troubleshooting/errors#no-such-element-exception
Build info: version: &apos;4.15.0&apos;, revision: &apos;1d14b5521b&apos;
System info: os.name: &apos;Windows 11&apos;, os.arch: &apos;amd64&apos;, os.version: &apos;10.0&apos;, java.version: &apos;17.0.2&apos;
Driver info: org.openqa.selenium.chrome.ChromeDriver
Command: [fb279a3f3a5dc3155d7b1c946a61ba87, findElement {using=xpath, value=//*[text()=&apos;Popular Surgeries&apos;]}]
Capabilities {acceptInsecureCerts: false, browserName: chrome, browserVersion: 120.0.6099.130, chrome: {chromedriverVersion: 120.0.6099.109 (3419140ab66..., userDataDir: C:\Windows\SystemTemp\scope...}, fedcm:accounts: true, goog:chromeOptions: {debuggerAddress: localhost:64814}, networkConnectionEnabled: false, pageLoadStrategy: normal, platformName: windows, proxy: Proxy(), se:cdp: ws://localhost:64814/devtoo..., se:cdpVersion: 120.0.6099.130, setWindowRect: true, strictFileInteractability: false, timeouts: {implicit: 0, pageLoad: 300000, script: 30000}, unhandledPromptBehavior: dismiss and notify, webauthn:extension:credBlob: true, webauthn:extension:largeBlob: true, webauthn:extension:minPinLength: true, webauthn:extension:prf: true, webauthn:virtualAuthenticators: true}
Session ID: fb279a3f3a5dc3155d7b1c946a61ba87
	at org.openqa.selenium.remote.codec.w3c.W3CHttpResponseCodec.createException(W3CHttpResponseCodec.java:200)
	at org.openqa.selenium.remote.codec.w3c.W3CHttpResponseCodec.decode(W3CHttpResponseCodec.java:133)
	at org.openqa.selenium.remote.codec.w3c.W3CHttpResponseCodec.decode(W3CHttpResponseCodec.java:52)
	at org.openqa.selenium.remote.HttpCommandExecutor.execute(HttpCommandExecutor.java:191)
	at org.openqa.selenium.remote.service.DriverCommandExecutor.invokeExecute(DriverCommandExecutor.java:200)
	at org.openqa.selenium.remote.service.DriverCommandExecutor.execute(DriverCommandExecutor.java:175)
	at org.openqa.selenium.remote.RemoteWebDriver.execute(RemoteWebDriver.java:607)
	at org.openqa.selenium.remote.ElementLocation$ElementFinder$2.findElement(ElementLocation.java:165)
	at org.openqa.selenium.remote.ElementLocation.findElement(ElementLocation.java:59)
	at org.openqa.selenium.remote.RemoteWebDriver.findElement(RemoteWebDriver.java:364)
	at org.openqa.selenium.remote.RemoteWebDriver.findElement(RemoteWebDriver.java:358)
	at org.openqa.selenium.support.pagefactory.DefaultElementLocator.findElement(DefaultElementLocator.java:68)
	at org.openqa.selenium.support.pagefactory.internal.LocatingElementHandler.invoke(LocatingElementHandler.java:38)
	at jdk.proxy2/jdk.proxy2.$Proxy46.getWrappedElement(Unknown Source)
	at org.openqa.selenium.remote.internal.WebElementToJsonConverter.apply(WebElementToJsonConverter.java:51)
	at java.base/java.util.stream.ReferencePipeline$3$1.accept(ReferencePipeline.java:197)
	at java.base/java.util.Spliterators$ArraySpliterator.forEachRemaining(Spliterators.java:992)
	at java.base/java.util.stream.AbstractPipeline.copyInto(AbstractPipeline.java:509)
	at java.base/java.util.stream.AbstractPipeline.wrapAndCopyInto(AbstractPipeline.java:499)
	at java.base/java.util.stream.ReduceOps$ReduceOp.evaluateSequential(ReduceOps.java:921)
	at java.base/java.util.stream.AbstractPipeline.evaluate(AbstractPipeline.java:234)
	at java.base/java.util.stream.ReferencePipeline.collect(ReferencePipeline.java:682)
	at org.openqa.selenium.remote.RemoteWebDriver.executeScript(RemoteWebDriver.java:470)
	at POM_files.surgeries.scrollDown(surgeries.java:25)
	at testClasses.TC_02_findingHospitals.getSurgeriesList(TC_02_findingHospitals.java:21)
	at java.base/java.util.ArrayList.forEach(ArrayList.java:1511)
... Removed 36 stack frames</div></td></tr></table><p class="totop"><a href="#summary">back to summary</a></p>
<h3 id="m1">testClasses.TC_02_findingHospitals#navigateToSurgeries</h3><table class="result"><tr><th>Exception</th></tr><tr><td><div class="stacktrace">org.openqa.selenium.ElementNotInteractableException: element not interactable
  (Session info: chrome=120.0.6099.130)
Build info: version: &apos;4.15.0&apos;, revision: &apos;1d14b5521b&apos;
System info: os.name: &apos;Windows 11&apos;, os.arch: &apos;amd64&apos;, os.version: &apos;10.0&apos;, java.version: &apos;17.0.2&apos;
Driver info: org.openqa.selenium.chrome.ChromeDriver
Command: [fb279a3f3a5dc3155d7b1c946a61ba87, clickElement {id=4DD95A0A295D6ABEBDC249C0C7D66BDB_element_170}]
Capabilities {acceptInsecureCerts: false, browserName: chrome, browserVersion: 120.0.6099.130, chrome: {chromedriverVersion: 120.0.6099.109 (3419140ab66..., userDataDir: C:\Windows\SystemTemp\scope...}, fedcm:accounts: true, goog:chromeOptions: {debuggerAddress: localhost:64814}, networkConnectionEnabled: false, pageLoadStrategy: normal, platformName: windows, proxy: Proxy(), se:cdp: ws://localhost:64814/devtoo..., se:cdpVersion: 120.0.6099.130, setWindowRect: true, strictFileInteractability: false, timeouts: {implicit: 0, pageLoad: 300000, script: 30000}, unhandledPromptBehavior: dismiss and notify, webauthn:extension:credBlob: true, webauthn:extension:largeBlob: true, webauthn:extension:minPinLength: true, webauthn:extension:prf: true, webauthn:virtualAuthenticators: true}
Element: [[ChromeDriver: chrome on windows (fb279a3f3a5dc3155d7b1c946a61ba87)] -&gt; xpath: //*[text()=&apos;Surgeries&apos;]]
Session ID: fb279a3f3a5dc3155d7b1c946a61ba87
	at org.openqa.selenium.remote.codec.w3c.W3CHttpResponseCodec.createException(W3CHttpResponseCodec.java:200)
	at org.openqa.selenium.remote.codec.w3c.W3CHttpResponseCodec.decode(W3CHttpResponseCodec.java:133)
	at org.openqa.selenium.remote.codec.w3c.W3CHttpResponseCodec.decode(W3CHttpResponseCodec.java:52)
	at org.openqa.selenium.remote.HttpCommandExecutor.execute(HttpCommandExecutor.java:191)
	at org.openqa.selenium.remote.service.DriverCommandExecutor.invokeExecute(DriverCommandExecutor.java:200)
	at org.openqa.selenium.remote.service.DriverCommandExecutor.execute(DriverCommandExecutor.java:175)
	at org.openqa.selenium.remote.RemoteWebDriver.execute(RemoteWebDriver.java:607)
	at org.openqa.selenium.remote.RemoteWebElement.execute(RemoteWebElement.java:224)
	at org.openqa.selenium.remote.RemoteWebElement.click(RemoteWebElement.java:77)
	at org.openqa.selenium.support.pagefactory.internal.LocatingElementHandler.invoke(LocatingElementHandler.java:51)
	at jdk.proxy2/jdk.proxy2.$Proxy46.click(Unknown Source)
	at POM_files.doctors.surgeriesClick(doctors.java:94)
	at testClasses.TC_02_findingHospitals.navigateToSurgeries(TC_02_findingHospitals.java:14)
	at java.base/java.util.ArrayList.forEach(ArrayList.java:1511)
... Removed 40 stack frames</div></td></tr></table><p class="totop"><a href="#summary">back to summary</a></p>
<h3 id="m2">testClasses.TC_04_findingHospitals#verifyingPhoneFieldUsingBVA</h3><table class="result"><tr><th>Exception</th></tr><tr><td><div class="stacktrace">java.lang.Throwable: Method TC_04_findingHospitals.verifyingPhoneFieldUsingBVA()[pri:8, instance:testClasses.TC_04_findingHospitals@3270d194] depends on not successfully finished methods in group &quot;smokeTest&quot;
	at java.base/java.util.ArrayList.forEach(ArrayList.java:1511)
... Removed 22 stack frames</div></td></tr></table><p class="totop"><a href="#summary">back to summary</a></p>
<h3 id="m3">testClasses.TC_04_findingHospitals#verifyingPhoneFieldUsingBVA_1</h3><table class="result"><tr><th>Exception</th></tr><tr><td><div class="stacktrace">java.lang.Throwable: Method TC_04_findingHospitals.verifyingPhoneFieldUsingBVA_1()[pri:9, instance:testClasses.TC_04_findingHospitals@3270d194] depends on not successfully finished methods in group &quot;smokeTest&quot;
	at java.base/java.util.ArrayList.forEach(ArrayList.java:1511)
... Removed 22 stack frames</div></td></tr></table><p class="totop"><a href="#summary">back to summary</a></p>
<h3 id="m4">testClasses.TC_04_findingHospitals#verifyingPhoneFieldUsingInvalidMobileNumberFormat</h3><table class="result"><tr><th>Exception</th></tr><tr><td><div class="stacktrace">java.lang.Throwable: Method TC_04_findingHospitals.verifyingPhoneFieldUsingInvalidMobileNumberFormat()[pri:7, instance:testClasses.TC_04_findingHospitals@3270d194] depends on not successfully finished methods in group &quot;smokeTest&quot;
	at java.base/java.util.ArrayList.forEach(ArrayList.java:1511)
... Removed 22 stack frames</div></td></tr></table><p class="totop"><a href="#summary">back to summary</a></p>
<h3 id="m5">testClasses.TC_05_findingHospitals#verifyingMobileNumUsingValidInput</h3><table class="result"><tr><th>Exception</th></tr><tr><td><div class="stacktrace">java.lang.Throwable: Method TC_05_findingHospitals.verifyingMobileNumUsingValidInput()[pri:10, instance:testClasses.TC_05_findingHospitals@235834f2] depends on not successfully finished methods in group &quot;smokeTest&quot;
	at java.base/java.util.ArrayList.forEach(ArrayList.java:1511)
... Removed 22 stack frames</div></td></tr></table><p class="totop"><a href="#summary">back to summary</a></p>
<h3 id="m6">testClasses.TC_05_findingHospitals#verifyingMobileNumUsingValidInput_1</h3><table class="result"><tr><th>Exception</th></tr><tr><td><div class="stacktrace">java.lang.Throwable: Method TC_05_findingHospitals.verifyingMobileNumUsingValidInput_1()[pri:11, instance:testClasses.TC_05_findingHospitals@235834f2] depends on not successfully finished methods in group &quot;smokeTest&quot;
	at java.base/java.util.ArrayList.forEach(ArrayList.java:1511)
... Removed 22 stack frames</div></td></tr></table><p class="totop"><a href="#summary">back to summary</a></p>
<h3 id="m7">testClasses.TC_05_findingHospitals#verifyingMobileNumUsingValidInput_2</h3><table class="result"><tr><th>Exception</th></tr><tr><td><div class="stacktrace">java.lang.Throwable: Method TC_05_findingHospitals.verifyingMobileNumUsingValidInput_2()[pri:12, instance:testClasses.TC_05_findingHospitals@235834f2] depends on not successfully finished methods in group &quot;smokeTest&quot;
	at java.base/java.util.ArrayList.forEach(ArrayList.java:1511)
... Removed 22 stack frames</div></td></tr></table><p class="totop"><a href="#summary">back to summary</a></p>
<h3 id="m8">testClasses.TC_05_findingHospitals#verifyingMobileNumUsingValidInput_3</h3><table class="result"><tr><th>Exception</th></tr><tr><td><div class="stacktrace">java.lang.Throwable: Method TC_05_findingHospitals.verifyingMobileNumUsingValidInput_3()[pri:13, instance:testClasses.TC_05_findingHospitals@235834f2] depends on not successfully finished methods in group &quot;smokeTest&quot;
	at java.base/java.util.ArrayList.forEach(ArrayList.java:1511)
... Removed 22 stack frames</div></td></tr></table><p class="totop"><a href="#summary">back to summary</a></p>
<h3 id="m9">testClasses.TC_06_findingHospitals#verifyingEmailUsingInvalidInput</h3><table class="result"><tr><th>Exception</th></tr><tr><td><div class="stacktrace">java.lang.Throwable: Method TC_06_findingHospitals.verifyingEmailUsingInvalidInput()[pri:14, instance:testClasses.TC_06_findingHospitals@5656be13] depends on not successfully finished methods in group &quot;smokeTest&quot;
	at java.base/java.util.ArrayList.forEach(ArrayList.java:1511)
... Removed 22 stack frames</div></td></tr></table><p class="totop"><a href="#summary">back to summary</a></p>
<h3 id="m10">testClasses.TC_06_findingHospitals#verifyingEmailUsingInvalidInput_1</h3><table class="result"><tr><th>Exception</th></tr><tr><td><div class="stacktrace">java.lang.Throwable: Method TC_06_findingHospitals.verifyingEmailUsingInvalidInput_1()[pri:15, instance:testClasses.TC_06_findingHospitals@5656be13] depends on not successfully finished methods in group &quot;smokeTest&quot;
	at java.base/java.util.ArrayList.forEach(ArrayList.java:1511)
... Removed 22 stack frames</div></td></tr></table><p class="totop"><a href="#summary">back to summary</a></p>
<h3 id="m11">testClasses.TC_06_findingHospitals#verifyingEmailUsingInvalidInput_2</h3><table class="result"><tr><th>Exception</th></tr><tr><td><div class="stacktrace">java.lang.Throwable: Method TC_06_findingHospitals.verifyingEmailUsingInvalidInput_2()[pri:16, instance:testClasses.TC_06_findingHospitals@5656be13] depends on not successfully finished methods in group &quot;smokeTest&quot;
	at java.base/java.util.ArrayList.forEach(ArrayList.java:1511)
... Removed 22 stack frames</div></td></tr></table><p class="totop"><a href="#summary">back to summary</a></p>
<h3 id="m12">testClasses.TC_06_findingHospitals#verifyingEmailUsingInvalidInput_3</h3><table class="result"><tr><th>Exception</th></tr><tr><td><div class="stacktrace">java.lang.Throwable: Method TC_06_findingHospitals.verifyingEmailUsingInvalidInput_3()[pri:17, instance:testClasses.TC_06_findingHospitals@5656be13] depends on not successfully finished methods in group &quot;smokeTest&quot;
	at java.base/java.util.ArrayList.forEach(ArrayList.java:1511)
... Removed 22 stack frames</div></td></tr></table><p class="totop"><a href="#summary">back to summary</a></p>
<h3 id="m13">testClasses.TC_06_findingHospitals#verifyingEmailUsingValidInput</h3><table class="result"><tr><th>Exception</th></tr><tr><td><div class="stacktrace">java.lang.Throwable: Method TC_06_findingHospitals.verifyingEmailUsingValidInput()[pri:18, instance:testClasses.TC_06_findingHospitals@5656be13] depends on not successfully finished methods in group &quot;smokeTest&quot;
	at java.base/java.util.ArrayList.forEach(ArrayList.java:1511)
... Removed 22 stack frames</div></td></tr></table><p class="totop"><a href="#summary">back to summary</a></p>
<h3 id="m14">testClasses.TC_07_findingHospitals#verifyScheduleADemoButtonVisibility</h3><table class="result"><tr><th>Exception</th></tr><tr><td><div class="stacktrace">java.lang.Throwable: Method TC_07_findingHospitals.verifyScheduleADemoButtonVisibility()[pri:20, instance:testClasses.TC_07_findingHospitals@4218d6a3] depends on not successfully finished methods in group &quot;smokeTest&quot;
	at java.base/java.util.ArrayList.forEach(ArrayList.java:1511)
... Removed 22 stack frames</div></td></tr></table><p class="totop"><a href="#summary">back to summary</a></p>
<h3 id="m15">testClasses.TC_01_findingHospitals#filter</h3><table class="result"><tr><th class="invisible"/></tr></table><p class="totop"><a href="#summary">back to summary</a></p>
<h3 id="m16">testClasses.TC_01_findingHospitals#getDoctorsData</h3><table class="result"><tr><th class="invisible"/></tr></table><p class="totop"><a href="#summary">back to summary</a></p>
<h3 id="m17">testClasses.TC_01_findingHospitals#search</h3><table class="result"><tr><th class="invisible"/></tr></table><p class="totop"><a href="#summary">back to summary</a></p>
<h3 id="m18">testClasses.TC_03_findingHospitals#navigateToCorporate</h3><table class="result"><tr><th class="invisible"/></tr></table><p class="totop"><a href="#summary">back to summary</a></p>
<h3 id="m19">testClasses.TC_03_findingHospitals#navigateToDemo</h3><table class="result"><tr><th class="invisible"/></tr></table><p class="totop"><a href="#summary">back to summary</a></p>
</body>
</html>
